2016-09-21 15:41:51,505 0    [main] WARN  org.hibernate.engine.jdbc.connections.internal.DriverManagerConnectionProviderImpl  - HHH000402: Using Hibernate built-in connection pool (not for production use!)
2016-09-21 15:49:19,023 0    [main] WARN  org.hibernate.engine.jdbc.connections.internal.DriverManagerConnectionProviderImpl  - HHH000402: Using Hibernate built-in connection pool (not for production use!)
2016-09-21 19:04:13,097 0    [main] WARN  org.hibernate.engine.jdbc.connections.internal.DriverManagerConnectionProviderImpl  - HHH000402: Using Hibernate built-in connection pool (not for production use!)
2016-09-21 19:04:39,101 0    [main] WARN  org.hibernate.engine.jdbc.connections.internal.DriverManagerConnectionProviderImpl  - HHH000402: Using Hibernate built-in connection pool (not for production use!)
2016-09-21 19:05:19,093 0    [main] WARN  org.hibernate.engine.jdbc.connections.internal.DriverManagerConnectionProviderImpl  - HHH000402: Using Hibernate built-in connection pool (not for production use!)
2016-09-21 19:08:08,002 0    [main] WARN  org.hibernate.engine.jdbc.connections.internal.DriverManagerConnectionProviderImpl  - HHH000402: Using Hibernate built-in connection pool (not for production use!)
2016-09-21 19:10:41,159 0    [main] WARN  org.hibernate.engine.jdbc.connections.internal.DriverManagerConnectionProviderImpl  - HHH000402: Using Hibernate built-in connection pool (not for production use!)
2016-09-21 19:11:21,385 0    [main] WARN  org.hibernate.engine.jdbc.connections.internal.DriverManagerConnectionProviderImpl  - HHH000402: Using Hibernate built-in connection pool (not for production use!)
2016-09-21 19:15:19,210 0    [main] WARN  org.hibernate.engine.jdbc.connections.internal.DriverManagerConnectionProviderImpl  - HHH000402: Using Hibernate built-in connection pool (not for production use!)
2016-09-21 19:15:37,504 0    [main] WARN  org.hibernate.engine.jdbc.connections.internal.DriverManagerConnectionProviderImpl  - HHH000402: Using Hibernate built-in connection pool (not for production use!)
2016-09-21 19:20:19,465 0    [main] WARN  org.hibernate.engine.jdbc.connections.internal.DriverManagerConnectionProviderImpl  - HHH000402: Using Hibernate built-in connection pool (not for production use!)
2016-09-21 19:20:45,510 0    [main] WARN  org.hibernate.engine.jdbc.connections.internal.DriverManagerConnectionProviderImpl  - HHH000402: Using Hibernate built-in connection pool (not for production use!)
2016-09-21 19:21:46,967 0    [main] WARN  org.hibernate.engine.jdbc.connections.internal.DriverManagerConnectionProviderImpl  - HHH000402: Using Hibernate built-in connection pool (not for production use!)
2016-09-21 19:22:05,249 0    [main] WARN  org.hibernate.engine.jdbc.connections.internal.DriverManagerConnectionProviderImpl  - HHH000402: Using Hibernate built-in connection pool (not for production use!)
2016-09-21 19:22:55,954 0    [main] WARN  org.hibernate.engine.jdbc.connections.internal.DriverManagerConnectionProviderImpl  - HHH000402: Using Hibernate built-in connection pool (not for production use!)
2016-10-18 15:13:08,989 0    [main] WARN  org.hibernate.engine.jdbc.connections.internal.DriverManagerConnectionProviderImpl  - HHH000402: Using Hibernate built-in connection pool (not for production use!)
2016-10-18 15:13:32,108 0    [main] WARN  org.hibernate.engine.jdbc.connections.internal.DriverManagerConnectionProviderImpl  - HHH000402: Using Hibernate built-in connection pool (not for production use!)
2016-10-18 15:13:57,852 0    [main] WARN  org.hibernate.engine.jdbc.connections.internal.DriverManagerConnectionProviderImpl  - HHH000402: Using Hibernate built-in connection pool (not for production use!)
2016-10-18 15:14:08,966 0    [main] WARN  org.hibernate.engine.jdbc.connections.internal.DriverManagerConnectionProviderImpl  - HHH000402: Using Hibernate built-in connection pool (not for production use!)
2016-10-18 15:17:01,592 0    [main] WARN  org.hibernate.engine.jdbc.connections.internal.DriverManagerConnectionProviderImpl  - HHH000402: Using Hibernate built-in connection pool (not for production use!)
2016-10-18 15:17:50,296 0    [main] WARN  org.hibernate.engine.jdbc.connections.internal.DriverManagerConnectionProviderImpl  - HHH000402: Using Hibernate built-in connection pool (not for production use!)
2016-10-18 15:18:05,576 0    [main] WARN  org.hibernate.engine.jdbc.connections.internal.DriverManagerConnectionProviderImpl  - HHH000402: Using Hibernate built-in connection pool (not for production use!)
2016-10-18 15:18:42,036 0    [main] WARN  org.hibernate.engine.jdbc.connections.internal.DriverManagerConnectionProviderImpl  - HHH000402: Using Hibernate built-in connection pool (not for production use!)
2016-10-18 15:18:52,266 0    [main] WARN  org.hibernate.engine.jdbc.connections.internal.DriverManagerConnectionProviderImpl  - HHH000402: Using Hibernate built-in connection pool (not for production use!)
2016-10-18 15:19:01,550 0    [main] WARN  org.hibernate.engine.jdbc.connections.internal.DriverManagerConnectionProviderImpl  - HHH000402: Using Hibernate built-in connection pool (not for production use!)
2016-10-18 15:19:30,238 0    [main] WARN  org.hibernate.engine.jdbc.connections.internal.DriverManagerConnectionProviderImpl  - HHH000402: Using Hibernate built-in connection pool (not for production use!)
2016-10-18 15:21:20,551 0    [main] WARN  org.hibernate.engine.jdbc.connections.internal.DriverManagerConnectionProviderImpl  - HHH000402: Using Hibernate built-in connection pool (not for production use!)
2016-10-19 11:28:27,931 0    [main] WARN  org.hibernate.engine.jdbc.connections.internal.DriverManagerConnectionProviderImpl  - HHH000402: Using Hibernate built-in connection pool (not for production use!)
2016-10-19 11:30:00,567 0    [main] WARN  org.hibernate.engine.jdbc.connections.internal.DriverManagerConnectionProviderImpl  - HHH000402: Using Hibernate built-in connection pool (not for production use!)
2016-10-19 11:30:20,687 0    [main] WARN  org.hibernate.engine.jdbc.connections.internal.DriverManagerConnectionProviderImpl  - HHH000402: Using Hibernate built-in connection pool (not for production use!)
2016-10-19 11:32:40,209 0    [main] WARN  org.hibernate.engine.jdbc.connections.internal.DriverManagerConnectionProviderImpl  - HHH000402: Using Hibernate built-in connection pool (not for production use!)
2016-10-19 11:38:30,745 0    [main] WARN  org.hibernate.engine.jdbc.connections.internal.DriverManagerConnectionProviderImpl  - HHH000402: Using Hibernate built-in connection pool (not for production use!)
2016-10-19 20:11:31,385 0    [main] WARN  org.hibernate.engine.jdbc.connections.internal.DriverManagerConnectionProviderImpl  - HHH000402: Using Hibernate built-in connection pool (not for production use!)
2016-10-19 20:12:40,935 0    [main] WARN  org.hibernate.engine.jdbc.connections.internal.DriverManagerConnectionProviderImpl  - HHH000402: Using Hibernate built-in connection pool (not for production use!)
2016-10-19 20:13:25,083 0    [main] WARN  org.hibernate.engine.jdbc.connections.internal.DriverManagerConnectionProviderImpl  - HHH000402: Using Hibernate built-in connection pool (not for production use!)
2016-10-19 20:13:46,952 0    [main] WARN  org.hibernate.engine.jdbc.connections.internal.DriverManagerConnectionProviderImpl  - HHH000402: Using Hibernate built-in connection pool (not for production use!)
2016-10-19 22:48:39,541 0    [main] WARN  org.hibernate.engine.jdbc.connections.internal.DriverManagerConnectionProviderImpl  - HHH000402: Using Hibernate built-in connection pool (not for production use!)
2016-10-19 23:08:54,936 0    [http-nio-8080-exec-10] WARN  org.hibernate.engine.jdbc.connections.internal.DriverManagerConnectionProviderImpl  - HHH000402: Using Hibernate built-in connection pool (not for production use!)
2016-10-19 23:24:50,854 0    [http-nio-8080-exec-9] WARN  org.hibernate.engine.jdbc.connections.internal.DriverManagerConnectionProviderImpl  - HHH000402: Using Hibernate built-in connection pool (not for production use!)
2016-10-19 23:29:17,401 0    [http-nio-8080-exec-6] WARN  org.hibernate.engine.jdbc.connections.internal.DriverManagerConnectionProviderImpl  - HHH000402: Using Hibernate built-in connection pool (not for production use!)
2016-10-19 23:29:19,095 1694 [http-nio-8080-exec-6] WARN  org.hibernate.engine.jdbc.spi.SqlExceptionHelper  - SQL Error: 1040, SQLState: 08004
2016-10-19 23:29:19,095 1694 [http-nio-8080-exec-6] ERROR org.hibernate.engine.jdbc.spi.SqlExceptionHelper  - Data source rejected establishment of connection,  message from server: "Too many connections"
2016-10-19 23:29:20,250 2849 [http-nio-8080-exec-7] WARN  org.hibernate.engine.jdbc.spi.SqlExceptionHelper  - SQL Error: 1040, SQLState: 08004
2016-10-19 23:29:20,251 2850 [http-nio-8080-exec-7] ERROR org.hibernate.engine.jdbc.spi.SqlExceptionHelper  - Data source rejected establishment of connection,  message from server: "Too many connections"
2016-10-19 23:29:21,367 3966 [http-nio-8080-exec-8] WARN  org.hibernate.engine.jdbc.spi.SqlExceptionHelper  - SQL Error: 1040, SQLState: 08004
2016-10-19 23:29:21,367 3966 [http-nio-8080-exec-8] ERROR org.hibernate.engine.jdbc.spi.SqlExceptionHelper  - Data source rejected establishment of connection,  message from server: "Too many connections"
2016-10-19 23:29:43,171 25770 [http-nio-8080-exec-9] WARN  org.hibernate.engine.jdbc.spi.SqlExceptionHelper  - SQL Error: 1040, SQLState: 08004
2016-10-19 23:29:43,171 25770 [http-nio-8080-exec-9] ERROR org.hibernate.engine.jdbc.spi.SqlExceptionHelper  - Data source rejected establishment of connection,  message from server: "Too many connections"
2016-10-19 23:31:02,510 0    [http-nio-8080-exec-5] WARN  org.hibernate.engine.jdbc.connections.internal.DriverManagerConnectionProviderImpl  - HHH000402: Using Hibernate built-in connection pool (not for production use!)
2016-10-25 14:22:20,789 0    [http-nio-8080-exec-5] WARN  org.hibernate.engine.jdbc.connections.internal.DriverManagerConnectionProviderImpl  - HHH000402: Using Hibernate built-in connection pool (not for production use!)
2016-10-25 14:22:21,521 732  [http-nio-8080-exec-6] WARN  org.hibernate.engine.jdbc.connections.internal.DriverManagerConnectionProviderImpl  - HHH000402: Using Hibernate built-in connection pool (not for production use!)
2016-10-25 16:08:32,551 0    [http-nio-8080-exec-10] WARN  org.hibernate.engine.jdbc.connections.internal.DriverManagerConnectionProviderImpl  - HHH000402: Using Hibernate built-in connection pool (not for production use!)
2016-10-25 16:22:34,213 0    [http-nio-8080-exec-10] WARN  org.hibernate.engine.jdbc.connections.internal.DriverManagerConnectionProviderImpl  - HHH000402: Using Hibernate built-in connection pool (not for production use!)
2016-10-26 12:01:26,791 1    [http-nio-8080-exec-3] WARN  org.hibernate.engine.jdbc.connections.internal.DriverManagerConnectionProviderImpl  - HHH000402: Using Hibernate built-in connection pool (not for production use!)
2016-10-26 12:01:28,743 1953 [http-nio-8080-exec-3] WARN  org.hibernate.engine.jdbc.spi.SqlExceptionHelper  - SQL Error: 1040, SQLState: 08004
2016-10-26 12:01:28,744 1954 [http-nio-8080-exec-3] ERROR org.hibernate.engine.jdbc.spi.SqlExceptionHelper  - Data source rejected establishment of connection,  message from server: "Too many connections"
2016-10-26 12:07:15,568 0    [http-nio-8080-exec-4] WARN  org.hibernate.engine.jdbc.connections.internal.DriverManagerConnectionProviderImpl  - HHH000402: Using Hibernate built-in connection pool (not for production use!)
2016-10-26 12:10:15,266 0    [http-nio-8080-exec-5] WARN  org.hibernate.engine.jdbc.connections.internal.DriverManagerConnectionProviderImpl  - HHH000402: Using Hibernate built-in connection pool (not for production use!)
2016-10-26 12:10:17,057 1791 [http-nio-8080-exec-5] WARN  org.hibernate.engine.jdbc.spi.SqlExceptionHelper  - SQL Error: 1040, SQLState: 08004
2016-10-26 12:10:17,057 1791 [http-nio-8080-exec-5] ERROR org.hibernate.engine.jdbc.spi.SqlExceptionHelper  - Data source rejected establishment of connection,  message from server: "Too many connections"
2016-10-26 12:11:28,159 72893 [http-nio-8080-exec-6] WARN  org.hibernate.engine.jdbc.spi.SqlExceptionHelper  - SQL Error: 1040, SQLState: 08004
2016-10-26 12:11:28,162 72896 [http-nio-8080-exec-6] ERROR org.hibernate.engine.jdbc.spi.SqlExceptionHelper  - Data source rejected establishment of connection,  message from server: "Too many connections"
2016-10-26 12:11:49,628 94362 [http-nio-8080-exec-10] WARN  org.hibernate.engine.jdbc.spi.SqlExceptionHelper  - SQL Error: 1040, SQLState: 08004
2016-10-26 12:11:49,629 94363 [http-nio-8080-exec-10] ERROR org.hibernate.engine.jdbc.spi.SqlExceptionHelper  - Data source rejected establishment of connection,  message from server: "Too many connections"
2016-10-26 12:11:59,675 104409 [http-nio-8080-exec-4] WARN  org.hibernate.engine.jdbc.spi.SqlExceptionHelper  - SQL Error: 1040, SQLState: 08004
2016-10-26 12:11:59,676 104410 [http-nio-8080-exec-4] ERROR org.hibernate.engine.jdbc.spi.SqlExceptionHelper  - Data source rejected establishment of connection,  message from server: "Too many connections"
2016-10-26 12:31:10,938 0    [http-nio-8080-exec-3] WARN  org.hibernate.engine.jdbc.connections.internal.DriverManagerConnectionProviderImpl  - HHH000402: Using Hibernate built-in connection pool (not for production use!)
2016-10-26 12:37:00,105 0    [http-nio-8080-exec-10] WARN  org.hibernate.engine.jdbc.connections.internal.DriverManagerConnectionProviderImpl  - HHH000402: Using Hibernate built-in connection pool (not for production use!)
2016-10-26 12:42:01,801 0    [http-nio-8080-exec-4] WARN  org.hibernate.engine.jdbc.connections.internal.DriverManagerConnectionProviderImpl  - HHH000402: Using Hibernate built-in connection pool (not for production use!)
2016-10-26 12:43:39,646 0    [http-nio-8080-exec-5] WARN  org.hibernate.engine.jdbc.connections.internal.DriverManagerConnectionProviderImpl  - HHH000402: Using Hibernate built-in connection pool (not for production use!)
2016-10-26 12:43:41,478 1832 [http-nio-8080-exec-5] WARN  org.hibernate.engine.jdbc.spi.SqlExceptionHelper  - SQL Error: 1040, SQLState: 08004
2016-10-26 12:43:41,478 1832 [http-nio-8080-exec-5] ERROR org.hibernate.engine.jdbc.spi.SqlExceptionHelper  - Data source rejected establishment of connection,  message from server: "Too many connections"
2016-10-26 12:46:04,118 0    [http-nio-8080-exec-5] WARN  org.hibernate.engine.jdbc.connections.internal.DriverManagerConnectionProviderImpl  - HHH000402: Using Hibernate built-in connection pool (not for production use!)
2016-10-26 12:46:06,453 2335 [http-nio-8080-exec-5] WARN  org.hibernate.engine.jdbc.spi.SqlExceptionHelper  - SQL Error: 1040, SQLState: 08004
2016-10-26 12:46:06,453 2335 [http-nio-8080-exec-5] ERROR org.hibernate.engine.jdbc.spi.SqlExceptionHelper  - Data source rejected establishment of connection,  message from server: "Too many connections"
2016-10-26 12:46:13,587 9469 [http-nio-8080-exec-6] WARN  org.hibernate.engine.jdbc.spi.SqlExceptionHelper  - SQL Error: 1040, SQLState: 08004
2016-10-26 12:46:13,590 9472 [http-nio-8080-exec-6] ERROR org.hibernate.engine.jdbc.spi.SqlExceptionHelper  - Data source rejected establishment of connection,  message from server: "Too many connections"
2016-10-26 12:48:37,936 0    [http-nio-8080-exec-3] WARN  org.hibernate.engine.jdbc.connections.internal.DriverManagerConnectionProviderImpl  - HHH000402: Using Hibernate built-in connection pool (not for production use!)
2016-10-26 12:54:38,015 0    [http-nio-8080-exec-8] WARN  org.hibernate.engine.jdbc.connections.internal.DriverManagerConnectionProviderImpl  - HHH000402: Using Hibernate built-in connection pool (not for production use!)
2016-10-26 13:01:45,974 0    [http-nio-8080-exec-10] WARN  org.hibernate.engine.jdbc.connections.internal.DriverManagerConnectionProviderImpl  - HHH000402: Using Hibernate built-in connection pool (not for production use!)
2016-10-26 14:31:29,542 0    [http-nio-8080-exec-10] WARN  org.hibernate.engine.jdbc.connections.internal.DriverManagerConnectionProviderImpl  - HHH000402: Using Hibernate built-in connection pool (not for production use!)
2016-10-26 14:34:17,619 0    [http-nio-8080-exec-4] WARN  org.hibernate.engine.jdbc.connections.internal.DriverManagerConnectionProviderImpl  - HHH000402: Using Hibernate built-in connection pool (not for production use!)
2016-10-26 14:59:23,289 0    [http-nio-8080-exec-4] WARN  org.hibernate.engine.jdbc.connections.internal.DriverManagerConnectionProviderImpl  - HHH000402: Using Hibernate built-in connection pool (not for production use!)
2016-10-26 15:09:00,472 0    [http-nio-8080-exec-3] WARN  org.hibernate.engine.jdbc.connections.internal.DriverManagerConnectionProviderImpl  - HHH000402: Using Hibernate built-in connection pool (not for production use!)
2016-10-26 15:12:59,979 0    [http-nio-8080-exec-5] WARN  org.hibernate.engine.jdbc.connections.internal.DriverManagerConnectionProviderImpl  - HHH000402: Using Hibernate built-in connection pool (not for production use!)
2016-10-26 15:15:01,657 0    [http-nio-8080-exec-5] WARN  org.hibernate.engine.jdbc.connections.internal.DriverManagerConnectionProviderImpl  - HHH000402: Using Hibernate built-in connection pool (not for production use!)
2016-10-26 15:49:09,148 0    [http-nio-8080-exec-5] WARN  org.hibernate.engine.jdbc.connections.internal.DriverManagerConnectionProviderImpl  - HHH000402: Using Hibernate built-in connection pool (not for production use!)
